<?xml version="1.0" encoding="UTF-8"?><testsuite errors="0" failures="1" name="Register in Utest" skipped="0" tests="1" time="130.49" timestamp="2021-02-17 10:07:07"><testcase name="Register on the Utest page"><failure message="Expected enabled element was not enabled" type="net.thucydides.core.webdriver.exceptions.ElementShouldBeEnabledException">Expected enabled element was not enabled</failure><system-err>Expected enabled element was not enabled&#13;
co.com.choucair.certification.utest.tasks.Fill.performAs(Fill.java:17)&#13;
co.com.choucair.certification.utest.stepdefinitions.UtestStepDefinitions.youFillOutTheRegistrationForm(UtestStepDefinitions.java:28)&#13;
cucumber.runner.Runner.runPickle(Runner.java:80)&#13;
</system-err></testcase></testsuite>